{
  "stats": {
    "suites": 12,
    "tests": 41,
    "passes": 26,
    "pending": 0,
    "failures": 15,
    "start": "2021-12-09T20:36:44.874Z",
    "end": "2021-12-09T20:38:03.689Z",
    "duration": 78815,
    "testsRegistered": 41,
    "passPercent": 63.41463414634146,
    "pendingPercent": 0,
    "other": 0,
    "hasOther": false,
    "skipped": 0,
    "hasSkipped": false
  },
  "results": [
    {
      "uuid": "ac2d5a28-4987-47bf-bd26-e7d34b21dcec",
      "title": "",
      "fullFile": "cypress/integration/project.spec.js",
      "file": "cypress/integration/project.spec.js",
      "beforeHooks": [],
      "afterHooks": [],
      "tests": [],
      "suites": [
        {
          "uuid": "65aa00fa-f9e4-4a1c-9330-875cbf257c45",
          "title": "1 - Adicione à página o título \"Paleta de Cores\".",
          "fullFile": "",
          "file": "",
          "beforeHooks": [],
          "afterHooks": [],
          "tests": [
            {
              "title": "Verifica se contém um elemento `h1` com o id `title` com o título correto",
              "fullTitle": "1 - Adicione à página o título \"Paleta de Cores\". Verifica se contém um elemento `h1` com o id `title` com o título correto",
              "timedOut": null,
              "duration": 104,
              "state": "passed",
              "speed": "slow",
              "pass": true,
              "fail": false,
              "pending": false,
              "context": null,
              "code": "cy.get('h1#title').should('contain.text', 'Paleta de Cores');",
              "err": {},
              "uuid": "e9442c2d-5bf2-4a65-be48-6777b474587f",
              "parentUUID": "65aa00fa-f9e4-4a1c-9330-875cbf257c45",
              "isHook": false,
              "skipped": false
            }
          ],
          "suites": [],
          "passes": [
            "e9442c2d-5bf2-4a65-be48-6777b474587f"
          ],
          "failures": [],
          "pending": [],
          "skipped": [],
          "duration": 104,
          "root": false,
          "rootEmpty": false,
          "_timeout": 2000
        },
        {
          "uuid": "b9e4a95e-58fc-4500-b663-23b11825cc52",
          "title": "2 - Adicione à página uma paleta de quatro cores distintas.",
          "fullFile": "",
          "file": "",
          "beforeHooks": [],
          "afterHooks": [],
          "tests": [
            {
              "title": "A paleta de cores deve ser um elemento com `id` denominado `color-palette`",
              "fullTitle": "2 - Adicione à página uma paleta de quatro cores distintas. A paleta de cores deve ser um elemento com `id` denominado `color-palette`",
              "timedOut": null,
              "duration": 60,
              "state": "passed",
              "speed": "medium",
              "pass": true,
              "fail": false,
              "pending": false,
              "context": null,
              "code": "cy.get('#color-palette').should('be.visible');\ncy.get('#color-palette').children('.color');",
              "err": {},
              "uuid": "4d09a580-c886-4541-9451-bee0f1290538",
              "parentUUID": "b9e4a95e-58fc-4500-b663-23b11825cc52",
              "isHook": false,
              "skipped": false
            },
            {
              "title": "Verifica se cada cor individual da paleta de cores possui a `classe` chamada `color`.",
              "fullTitle": "2 - Adicione à página uma paleta de quatro cores distintas. Verifica se cada cor individual da paleta de cores possui a `classe` chamada `color`.",
              "timedOut": null,
              "duration": 73,
              "state": "passed",
              "speed": "medium",
              "pass": true,
              "fail": false,
              "pending": false,
              "context": null,
              "code": "cy.get('.color').should('have.length', 4).then(function (colors) {\n  for (var i = 0; i < colors.length; i++) {\n    cy.wrap(colors[i]).should('be.visible');\n  }\n});",
              "err": {},
              "uuid": "b8b61eb9-0f03-480f-b81f-dcefee9e3ecb",
              "parentUUID": "b9e4a95e-58fc-4500-b663-23b11825cc52",
              "isHook": false,
              "skipped": false
            },
            {
              "title": "Verifica se a cor de fundo de cada elemento da paleta é a cor que o elemento representa. **A única cor não permitida na paleta é a cor branca.**",
              "fullTitle": "2 - Adicione à página uma paleta de quatro cores distintas. Verifica se a cor de fundo de cada elemento da paleta é a cor que o elemento representa. **A única cor não permitida na paleta é a cor branca.**",
              "timedOut": null,
              "duration": 72,
              "state": "passed",
              "speed": "medium",
              "pass": true,
              "fail": false,
              "pending": false,
              "context": null,
              "code": "cy.get('.color').each(function (color) {\n  cy.wrap(color).should('have.class', 'color').and('not.have.css', 'background-color', WHITE);\n  cy.wrap(color).should('have.css', 'background-color');\n});",
              "err": {},
              "uuid": "770cb60b-0669-42a3-8ad3-01f794270e5d",
              "parentUUID": "b9e4a95e-58fc-4500-b663-23b11825cc52",
              "isHook": false,
              "skipped": false
            },
            {
              "title": "Verifica se cada elemento da paleta de cores tem uma borda preta, sólida e com 1 pixel de largura;",
              "fullTitle": "2 - Adicione à página uma paleta de quatro cores distintas. Verifica se cada elemento da paleta de cores tem uma borda preta, sólida e com 1 pixel de largura;",
              "timedOut": null,
              "duration": 4205,
              "state": "failed",
              "speed": null,
              "pass": false,
              "fail": true,
              "pending": false,
              "context": null,
              "code": "cy.get('.color').each(function (color) {\n  cy.wrap(color).and('have.css', 'border', \"1px solid \".concat(BLACK)).and('have.class', 'color');\n});",
              "err": {
                "message": "CypressError: Timed out retrying: expected '<li.color.selected>' to have CSS property 'border' with the value '1px solid rgb(0, 0, 0)', but the value was '2px solid rgb(144, 238, 144)'",
                "estack": "CypressError: Timed out retrying: expected '<li.color.selected>' to have CSS property 'border' with the value '1px solid rgb(0, 0, 0)', but the value was '2px solid rgb(144, 238, 144)'\n    at cypressErr (http://localhost:33107/__cypress/runner/cypress_runner.js:149934:9)\n    at throwErr (http://localhost:33107/__cypress/runner/cypress_runner.js:149867:11)\n    at Object.throwErrByPath (http://localhost:33107/__cypress/runner/cypress_runner.js:149915:3)\n    at retry (http://localhost:33107/__cypress/runner/cypress_runner.js:144197:19)\n    at onFailFn (http://localhost:33107/__cypress/runner/cypress_runner.js:132448:16)\n    at tryCatcher (http://localhost:33107/__cypress/runner/cypress_runner.js:167415:23)\n    at Promise._settlePromiseFromHandler (http://localhost:33107/__cypress/runner/cypress_runner.js:165351:31)\n    at Promise._settlePromise (http://localhost:33107/__cypress/runner/cypress_runner.js:165408:18)\n    at Promise._settlePromise0 (http://localhost:33107/__cypress/runner/cypress_runner.js:165453:10)\n    at Promise._settlePromises (http://localhost:33107/__cypress/runner/cypress_runner.js:165528:18)\n    at Async../node_modules/bluebird/js/release/async.js.Async._drainQueue (http://localhost:33107/__cypress/runner/cypress_runner.js:162140:16)\n    at Async../node_modules/bluebird/js/release/async.js.Async._drainQueues (http://localhost:33107/__cypress/runner/cypress_runner.js:162150:10)\n    at Async.drainQueues (http://localhost:33107/__cypress/runner/cypress_runner.js:162024:14)",
                "diff": null
              },
              "uuid": "7917c290-e219-4977-8003-43f848b9f70b",
              "parentUUID": "b9e4a95e-58fc-4500-b663-23b11825cc52",
              "isHook": false,
              "skipped": false
            },
            {
              "title": "Verifica se a paleta lista todas as cores disponíveis para utilização, lado a lado.",
              "fullTitle": "2 - Adicione à página uma paleta de quatro cores distintas. Verifica se a paleta lista todas as cores disponíveis para utilização, lado a lado.",
              "timedOut": null,
              "duration": 109,
              "state": "passed",
              "speed": "slow",
              "pass": true,
              "fail": false,
              "pending": false,
              "context": null,
              "code": "cy.get('.color').then(function (colors) {\n  for (var index = 1; index < colors.length; index += 1) {\n    var currentColor = colors[index];\n    var previousColor = colors[index - 1];\n    cy.wrap(currentColor).should('be.onTheRightOf', previousColor).and('be.horizontallyAlignedWith', previousColor);\n  }\n});",
              "err": {},
              "uuid": "bc809628-1f46-4ecc-bb2d-91c479881961",
              "parentUUID": "b9e4a95e-58fc-4500-b663-23b11825cc52",
              "isHook": false,
              "skipped": false
            },
            {
              "title": "Verifica se a paleta de cores está posicionada abaixo do título 'Paleta de Cores'",
              "fullTitle": "2 - Adicione à página uma paleta de quatro cores distintas. Verifica se a paleta de cores está posicionada abaixo do título 'Paleta de Cores'",
              "timedOut": null,
              "duration": 57,
              "state": "passed",
              "speed": "medium",
              "pass": true,
              "fail": false,
              "pending": false,
              "context": null,
              "code": "cy.get('h1#title').then(function (title) {\n  cy.get('#color-palette').should('be.belowOf', title);\n});",
              "err": {},
              "uuid": "7f2c7245-ae06-4673-9aa2-5ceb2dad1bb8",
              "parentUUID": "b9e4a95e-58fc-4500-b663-23b11825cc52",
              "isHook": false,
              "skipped": false
            },
            {
              "title": "Verifica se a paleta de cores não contém cores repetidas.",
              "fullTitle": "2 - Adicione à página uma paleta de quatro cores distintas. Verifica se a paleta de cores não contém cores repetidas.",
              "timedOut": null,
              "duration": 48,
              "state": "passed",
              "speed": "medium",
              "pass": true,
              "fail": false,
              "pending": false,
              "context": null,
              "code": "cy.get('.color').then(function (colors) {\n  var allColors = Array.from(colors).map(function (color) {\n    return Cypress.$(color).css('background-color');\n  });\n  cy.log(allColors);\n  var uniqColors = (0, _toConsumableArray2[\"default\"])(new Set(allColors));\n  cy.log(uniqColors);\n  expect(allColors.length).to.eq(uniqColors.length);\n});",
              "err": {},
              "uuid": "8682b32b-59db-43a9-b161-3c2f8e644ac5",
              "parentUUID": "b9e4a95e-58fc-4500-b663-23b11825cc52",
              "isHook": false,
              "skipped": false
            }
          ],
          "suites": [],
          "passes": [
            "4d09a580-c886-4541-9451-bee0f1290538",
            "b8b61eb9-0f03-480f-b81f-dcefee9e3ecb",
            "770cb60b-0669-42a3-8ad3-01f794270e5d",
            "bc809628-1f46-4ecc-bb2d-91c479881961",
            "7f2c7245-ae06-4673-9aa2-5ceb2dad1bb8",
            "8682b32b-59db-43a9-b161-3c2f8e644ac5"
          ],
          "failures": [
            "7917c290-e219-4977-8003-43f848b9f70b"
          ],
          "pending": [],
          "skipped": [],
          "duration": 4624,
          "root": false,
          "rootEmpty": false,
          "_timeout": 2000
        },
        {
          "uuid": "ff7f9ed9-a7da-42ae-ad19-a14e2b36caa9",
          "title": "3 - Adicione a cor **preta** como a primeira cor da paleta de cores.",
          "fullFile": "",
          "file": "",
          "beforeHooks": [],
          "afterHooks": [],
          "tests": [
            {
              "title": "Verifica se a primeira cor da paleta é preta",
              "fullTitle": "3 - Adicione a cor **preta** como a primeira cor da paleta de cores. Verifica se a primeira cor da paleta é preta",
              "timedOut": null,
              "duration": 60,
              "state": "passed",
              "speed": "medium",
              "pass": true,
              "fail": false,
              "pending": false,
              "context": null,
              "code": "cy.get('.color').first().should('have.css', 'background-color', BLACK);",
              "err": {},
              "uuid": "db895bfc-95a0-44a2-a93a-7b6379bb39ec",
              "parentUUID": "ff7f9ed9-a7da-42ae-ad19-a14e2b36caa9",
              "isHook": false,
              "skipped": false
            },
            {
              "title": "Verifica se as demais cores podem ser escolhidas livremente.",
              "fullTitle": "3 - Adicione a cor **preta** como a primeira cor da paleta de cores. Verifica se as demais cores podem ser escolhidas livremente.",
              "timedOut": null,
              "duration": 102,
              "state": "passed",
              "speed": "slow",
              "pass": true,
              "fail": false,
              "pending": false,
              "context": null,
              "code": "cy.get('.color').eq(1).should('not.have.css', 'background-color', BLACK);\ncy.get('.color').eq(1).should('not.have.css', 'background-color', WHITE);\ncy.get('.color').eq(1).should('not.have.css', 'background-color', 'rgba(0, 0, 0, 0)');\ncy.get('.color').eq(1).should('have.css', 'background-color');\ncy.get('.color').eq(2).should('not.have.css', 'background-color', BLACK);\ncy.get('.color').eq(2).should('not.have.css', 'background-color', WHITE);\ncy.get('.color').eq(2).should('not.have.css', 'background-color', 'rgba(0, 0, 0, 0)');\ncy.get('.color').eq(2).should('have.css', 'background-color');\ncy.get('.color').eq(3).should('not.have.css', 'background-color', BLACK);\ncy.get('.color').eq(3).should('not.have.css', 'background-color', WHITE);\ncy.get('.color').eq(3).should('not.have.css', 'background-color', 'rgba(0, 0, 0, 0)');\ncy.get('.color').eq(3).should('have.css', 'background-color');",
              "err": {},
              "uuid": "fdd389e6-452b-49b9-b03e-949bbff0de16",
              "parentUUID": "ff7f9ed9-a7da-42ae-ad19-a14e2b36caa9",
              "isHook": false,
              "skipped": false
            }
          ],
          "suites": [],
          "passes": [
            "db895bfc-95a0-44a2-a93a-7b6379bb39ec",
            "fdd389e6-452b-49b9-b03e-949bbff0de16"
          ],
          "failures": [],
          "pending": [],
          "skipped": [],
          "duration": 162,
          "root": false,
          "rootEmpty": false,
          "_timeout": 2000
        },
        {
          "uuid": "0a908f21-aa54-45be-8dcf-e753e26a5daf",
          "title": "4 - Adicione à página um quadro de pixels, com 25 pixels.",
          "fullFile": "",
          "file": "",
          "beforeHooks": [],
          "afterHooks": [],
          "tests": [
            {
              "title": "Verifica se o quadro de pixels possui o `id` denominado `pixel-board`",
              "fullTitle": "4 - Adicione à página um quadro de pixels, com 25 pixels. Verifica se o quadro de pixels possui o `id` denominado `pixel-board`",
              "timedOut": null,
              "duration": 67,
              "state": "passed",
              "speed": "medium",
              "pass": true,
              "fail": false,
              "pending": false,
              "context": null,
              "code": "cy.get('#pixel-board').should('be.visible');",
              "err": {},
              "uuid": "d31c4555-66a5-4c96-8192-c1ffef9f77cb",
              "parentUUID": "0a908f21-aa54-45be-8dcf-e753e26a5daf",
              "isHook": false,
              "skipped": false
            },
            {
              "title": "Verifica se cada pixel individual dentro do quadro possui a `classe` denominada `pixel`.",
              "fullTitle": "4 - Adicione à página um quadro de pixels, com 25 pixels. Verifica se cada pixel individual dentro do quadro possui a `classe` denominada `pixel`.",
              "timedOut": null,
              "duration": 71,
              "state": "passed",
              "speed": "medium",
              "pass": true,
              "fail": false,
              "pending": false,
              "context": null,
              "code": "cy.get('.pixel').should('have.length', 25);",
              "err": {},
              "uuid": "f10690b8-2a3c-484d-be91-bb1bc4ce7195",
              "parentUUID": "0a908f21-aa54-45be-8dcf-e753e26a5daf",
              "isHook": false,
              "skipped": false
            },
            {
              "title": "Verifica se a cor inicial dos pixels dentro do quadro, ao abrir a página, é branca.",
              "fullTitle": "4 - Adicione à página um quadro de pixels, com 25 pixels. Verifica se a cor inicial dos pixels dentro do quadro, ao abrir a página, é branca.",
              "timedOut": null,
              "duration": 96,
              "state": "passed",
              "speed": "slow",
              "pass": true,
              "fail": false,
              "pending": false,
              "context": null,
              "code": "cy.get('.pixel').should('have.length', 25).each(function (pixel) {\n  expect(pixel).to.have.css('background-color', WHITE);\n});",
              "err": {},
              "uuid": "586cbb2e-b6e5-4cd4-aad7-a08de4c468f5",
              "parentUUID": "0a908f21-aa54-45be-8dcf-e753e26a5daf",
              "isHook": false,
              "skipped": false
            },
            {
              "title": "Verifica se o quadro de pixels aparece abaixo da paleta de cores",
              "fullTitle": "4 - Adicione à página um quadro de pixels, com 25 pixels. Verifica se o quadro de pixels aparece abaixo da paleta de cores",
              "timedOut": null,
              "duration": 56,
              "state": "passed",
              "speed": "medium",
              "pass": true,
              "fail": false,
              "pending": false,
              "context": null,
              "code": "cy.get('#color-palette').then(function (palette) {\n  cy.get('#pixel-board').should('be.belowOf', palette);\n});",
              "err": {},
              "uuid": "13674a72-2953-4d4b-a6d8-5a6254a87bd8",
              "parentUUID": "0a908f21-aa54-45be-8dcf-e753e26a5daf",
              "isHook": false,
              "skipped": false
            }
          ],
          "suites": [],
          "passes": [
            "d31c4555-66a5-4c96-8192-c1ffef9f77cb",
            "f10690b8-2a3c-484d-be91-bb1bc4ce7195",
            "586cbb2e-b6e5-4cd4-aad7-a08de4c468f5",
            "13674a72-2953-4d4b-a6d8-5a6254a87bd8"
          ],
          "failures": [],
          "pending": [],
          "skipped": [],
          "duration": 290,
          "root": false,
          "rootEmpty": false,
          "_timeout": 2000
        },
        {
          "uuid": "ad17302b-a1de-4858-ab1f-1e372ccd4d97",
          "title": "5 - Faça com que cada elemento do quadro de pixels possua 40 pixels de largura, 40 pixels de altura e seja delimitado por uma borda preta de 1 pixel.",
          "fullFile": "",
          "file": "",
          "beforeHooks": [],
          "afterHooks": [],
          "tests": [
            {
              "title": "Verifica se o quadro de pixels tem altura e comprimento de 5 elementos",
              "fullTitle": "5 - Faça com que cada elemento do quadro de pixels possua 40 pixels de largura, 40 pixels de altura e seja delimitado por uma borda preta de 1 pixel. Verifica se o quadro de pixels tem altura e comprimento de 5 elementos",
              "timedOut": null,
              "duration": 166,
              "state": "passed",
              "speed": "slow",
              "pass": true,
              "fail": false,
              "pending": false,
              "context": null,
              "code": "cy.get('.pixel').should('have.length', 25).each(function (pixel) {\n  expect(pixel).to.have.css('background-color', WHITE);\n}).and(function (pixels) {\n  var rows = chunk(pixels, 5);\n  rows.forEach(function (row) {\n    for (var index = 1; index < row.length; index += 1) {\n      var current = pixels[index];\n      var previous = pixels[index - 1];\n      cy.wrap(current).should('be.onTheRightOf', previous).and('be.horizontallyAlignedWith', previous);\n    }\n  });\n  for (var index = 1; index < 5; index += 1) {\n    expect(pixels[index * 5]).to.be.belowOf(pixels[(index - 1) * 5]);\n  }\n});",
              "err": {},
              "uuid": "3e198e21-c6b2-4607-9c72-e4a8602322e7",
              "parentUUID": "ad17302b-a1de-4858-ab1f-1e372ccd4d97",
              "isHook": false,
              "skipped": false
            },
            {
              "title": "Verifica se 40 pixels é o tamanho total do elemento, incluindo seu conteúdo e excluindo a borda preta, que deve ser criada à parte.",
              "fullTitle": "5 - Faça com que cada elemento do quadro de pixels possua 40 pixels de largura, 40 pixels de altura e seja delimitado por uma borda preta de 1 pixel. Verifica se 40 pixels é o tamanho total do elemento, incluindo seu conteúdo e excluindo a borda preta, que deve ser criada à parte.",
              "timedOut": null,
              "duration": 180,
              "state": "passed",
              "speed": "slow",
              "pass": true,
              "fail": false,
              "pending": false,
              "context": null,
              "code": "cy.get('.pixel').each(function (pixel) {\n  cy.wrap(pixel).should('have.css', 'height', '40px').and('have.css', 'width', '40px').and('have.css', 'border', \"1px solid \".concat(BLACK));\n});",
              "err": {},
              "uuid": "6ae19806-2515-4a55-b368-7e96d0cad3d4",
              "parentUUID": "ad17302b-a1de-4858-ab1f-1e372ccd4d97",
              "isHook": false,
              "skipped": false
            }
          ],
          "suites": [],
          "passes": [
            "3e198e21-c6b2-4607-9c72-e4a8602322e7",
            "6ae19806-2515-4a55-b368-7e96d0cad3d4"
          ],
          "failures": [],
          "pending": [],
          "skipped": [],
          "duration": 346,
          "root": false,
          "rootEmpty": false,
          "_timeout": 2000
        },
        {
          "uuid": "22954c1b-f92a-48d8-9fed-25397f5b0cdf",
          "title": "6 - Defina a cor preta como cor inicial. Ao carregar a página a cor preta já deve estar selecionada para pintar os pixels",
          "fullFile": "",
          "file": "",
          "beforeHooks": [],
          "afterHooks": [],
          "tests": [
            {
              "title": "Verifica se o elemento da cor preta possui, inicialmente, a `classe` `selected`",
              "fullTitle": "6 - Defina a cor preta como cor inicial. Ao carregar a página a cor preta já deve estar selecionada para pintar os pixels Verifica se o elemento da cor preta possui, inicialmente, a `classe` `selected`",
              "timedOut": null,
              "duration": 59,
              "state": "passed",
              "speed": "medium",
              "pass": true,
              "fail": false,
              "pending": false,
              "context": null,
              "code": "cy.get('.selected').first().should('have.css', 'background-color', BLACK);",
              "err": {},
              "uuid": "9087b826-d716-44d6-9cc7-2db9e7e00f44",
              "parentUUID": "22954c1b-f92a-48d8-9fed-25397f5b0cdf",
              "isHook": false,
              "skipped": false
            },
            {
              "title": "Verifica se nenhuma outra cor da paleta tem a `classe` `selected`",
              "fullTitle": "6 - Defina a cor preta como cor inicial. Ao carregar a página a cor preta já deve estar selecionada para pintar os pixels Verifica se nenhuma outra cor da paleta tem a `classe` `selected`",
              "timedOut": null,
              "duration": 63,
              "state": "passed",
              "speed": "medium",
              "pass": true,
              "fail": false,
              "pending": false,
              "context": null,
              "code": "cy.get('.color:not(:first-child)').each(function (color) {\n  cy.wrap(color).should('not.have.class', 'selected');\n});",
              "err": {},
              "uuid": "4485af3b-0024-4220-a06a-318c4104bc02",
              "parentUUID": "22954c1b-f92a-48d8-9fed-25397f5b0cdf",
              "isHook": false,
              "skipped": false
            }
          ],
          "suites": [],
          "passes": [
            "9087b826-d716-44d6-9cc7-2db9e7e00f44",
            "4485af3b-0024-4220-a06a-318c4104bc02"
          ],
          "failures": [],
          "pending": [],
          "skipped": [],
          "duration": 122,
          "root": false,
          "rootEmpty": false,
          "_timeout": 2000
        },
        {
          "uuid": "34ab1679-1d4a-4cac-ae24-4d7f82cd17fc",
          "title": "7 - Clicar em uma das cores da paleta, faz com que ela seja selecionada e utilizada para preencher os pixels no quadro.",
          "fullFile": "",
          "file": "",
          "beforeHooks": [],
          "afterHooks": [],
          "tests": [
            {
              "title": "Verifica se somente uma cor da paleta de cores tem a classe `selected` de cada vez",
              "fullTitle": "7 - Clicar em uma das cores da paleta, faz com que ela seja selecionada e utilizada para preencher os pixels no quadro. Verifica se somente uma cor da paleta de cores tem a classe `selected` de cada vez",
              "timedOut": null,
              "duration": 375,
              "state": "passed",
              "speed": "slow",
              "pass": true,
              "fail": false,
              "pending": false,
              "context": null,
              "code": "cy.get('.color').each(function (selectedColor, selectedColorIndex) {\n  cy.wrap(selectedColor).click();\n  cy.get('.color').each(function (color, colorIndex) {\n    if (colorIndex === selectedColorIndex) {\n      expect(color).to.have[\"class\"]('selected');\n    } else {\n      expect(color).not.to.have[\"class\"]('selected');\n    }\n  });\n});",
              "err": {},
              "uuid": "9a12925e-2c50-4636-a54d-df5374e7b7e8",
              "parentUUID": "34ab1679-1d4a-4cac-ae24-4d7f82cd17fc",
              "isHook": false,
              "skipped": false
            },
            {
              "title": "Verifica se os pixels dentro do quadro não têm a classe `selected` quando são clicados",
              "fullTitle": "7 - Clicar em uma das cores da paleta, faz com que ela seja selecionada e utilizada para preencher os pixels no quadro. Verifica se os pixels dentro do quadro não têm a classe `selected` quando são clicados",
              "timedOut": null,
              "duration": 7893,
              "state": "passed",
              "speed": "slow",
              "pass": true,
              "fail": false,
              "pending": false,
              "context": null,
              "code": "cy.get('.color').each(function (color) {\n  var backgroundColor = color.css('background-color');\n  cy.wrap(color).click();\n  cy.get('.pixel').each(function (pixel) {\n    cy.wrap(pixel).click().should('not.have.class', 'selected');\n  });\n});",
              "err": {},
              "uuid": "dd847695-d89e-41dd-9c53-b0538de07680",
              "parentUUID": "34ab1679-1d4a-4cac-ae24-4d7f82cd17fc",
              "isHook": false,
              "skipped": false
            }
          ],
          "suites": [],
          "passes": [
            "9a12925e-2c50-4636-a54d-df5374e7b7e8",
            "dd847695-d89e-41dd-9c53-b0538de07680"
          ],
          "failures": [],
          "pending": [],
          "skipped": [],
          "duration": 8268,
          "root": false,
          "rootEmpty": false,
          "_timeout": 2000
        },
        {
          "uuid": "de3e9b58-2954-4cf4-9041-e106a6594d2d",
          "title": "8 - Clicar em um pixel dentro do quadro após selecionar uma cor na paleta, faz com que o pixel seja preenchido com a cor selecionada.",
          "fullFile": "",
          "file": "",
          "beforeHooks": [],
          "afterHooks": [],
          "tests": [
            {
              "title": "Verifica se ao carregar a página deve ser possível pintar os pixels de preto",
              "fullTitle": "8 - Clicar em um pixel dentro do quadro após selecionar uma cor na paleta, faz com que o pixel seja preenchido com a cor selecionada. Verifica se ao carregar a página deve ser possível pintar os pixels de preto",
              "timedOut": null,
              "duration": 1987,
              "state": "passed",
              "speed": "slow",
              "pass": true,
              "fail": false,
              "pending": false,
              "context": null,
              "code": "cy.get('.pixel').each(function (pixel) {\n  cy.wrap(pixel).click().should('have.css', 'background-color', BLACK);\n});",
              "err": {},
              "uuid": "6c93b2ee-7084-439e-82fe-59ecdaecdd5a",
              "parentUUID": "de3e9b58-2954-4cf4-9041-e106a6594d2d",
              "isHook": false,
              "skipped": false
            },
            {
              "title": "Verifica se após selecionar uma outra cor na paleta, é possível pintar os pixels com essa cor",
              "fullTitle": "8 - Clicar em um pixel dentro do quadro após selecionar uma cor na paleta, faz com que o pixel seja preenchido com a cor selecionada. Verifica se após selecionar uma outra cor na paleta, é possível pintar os pixels com essa cor",
              "timedOut": null,
              "duration": 7857,
              "state": "passed",
              "speed": "slow",
              "pass": true,
              "fail": false,
              "pending": false,
              "context": null,
              "code": "cy.get('.color').each(function (color) {\n  var backgroundColor = color.css('background-color');\n  cy.wrap(color).click();\n  cy.get('.pixel').each(function (pixel) {\n    cy.wrap(pixel).click().should('have.css', 'background-color', backgroundColor);\n  });\n});",
              "err": {},
              "uuid": "85d3afe8-a13c-46f3-af68-e870255d2e0c",
              "parentUUID": "de3e9b58-2954-4cf4-9041-e106a6594d2d",
              "isHook": false,
              "skipped": false
            },
            {
              "title": "Verifica se somente o pixel que foi clicado foi preenchido com a cor selecionada, sem influenciar na cor dos demais pixels.",
              "fullTitle": "8 - Clicar em um pixel dentro do quadro após selecionar uma cor na paleta, faz com que o pixel seja preenchido com a cor selecionada. Verifica se somente o pixel que foi clicado foi preenchido com a cor selecionada, sem influenciar na cor dos demais pixels.",
              "timedOut": null,
              "duration": 1162,
              "state": "passed",
              "speed": "slow",
              "pass": true,
              "fail": false,
              "pending": false,
              "context": null,
              "code": "var colorToPixelIndexMap = {\n  0: 6,\n  1: 8,\n  2: 16,\n  3: 18\n};\ncy.get('.color').each(function (color, index) {\n  cy.wrap(color).click();\n  var backgroundColor = color.css('background-color');\n  var clickedPixelIndex = colorToPixelIndexMap[index];\n  cy.get('.pixel').eq(clickedPixelIndex).click();\n  cy.get('.pixel').eq(clickedPixelIndex - 1).should('not.have.css', 'background-color', backgroundColor);\n  cy.get('.pixel').eq(clickedPixelIndex + 1).should('not.have.css', 'background-color', backgroundColor);\n  cy.get('.pixel').eq(clickedPixelIndex - 5).should('not.have.css', 'background-color', backgroundColor);\n  cy.get('.pixel').eq(clickedPixelIndex + 5).should('not.have.css', 'background-color', backgroundColor);\n  cy.get('.pixel').eq(clickedPixelIndex - 6).should('not.have.css', 'background-color', backgroundColor);\n  cy.get('.pixel').eq(clickedPixelIndex - 4).should('not.have.css', 'background-color', backgroundColor);\n  cy.get('.pixel').eq(clickedPixelIndex + 4).should('not.have.css', 'background-color', backgroundColor);\n  cy.get('.pixel').eq(clickedPixelIndex + 6).should('not.have.css', 'background-color', backgroundColor);\n});",
              "err": {},
              "uuid": "040c63f0-8974-4222-a03f-222c068d7d50",
              "parentUUID": "de3e9b58-2954-4cf4-9041-e106a6594d2d",
              "isHook": false,
              "skipped": false
            }
          ],
          "suites": [],
          "passes": [
            "6c93b2ee-7084-439e-82fe-59ecdaecdd5a",
            "85d3afe8-a13c-46f3-af68-e870255d2e0c",
            "040c63f0-8974-4222-a03f-222c068d7d50"
          ],
          "failures": [],
          "pending": [],
          "skipped": [],
          "duration": 11006,
          "root": false,
          "rootEmpty": false,
          "_timeout": 2000
        },
        {
          "uuid": "b4b62976-c623-4d76-9976-d7e5bda80a09",
          "title": "9 - Crie um botão que, ao ser clicado, limpa o quadro preenchendo a cor de todos seus pixels com branco.",
          "fullFile": "",
          "file": "",
          "beforeHooks": [],
          "afterHooks": [],
          "tests": [
            {
              "title": "Verifica se o botão tem o `id` denominado `clear-board`",
              "fullTitle": "9 - Crie um botão que, ao ser clicado, limpa o quadro preenchendo a cor de todos seus pixels com branco. Verifica se o botão tem o `id` denominado `clear-board`",
              "timedOut": null,
              "duration": 64,
              "state": "passed",
              "speed": "medium",
              "pass": true,
              "fail": false,
              "pending": false,
              "context": null,
              "code": "cy.get('#clear-board').should('be.visible');",
              "err": {},
              "uuid": "8fe6d6a4-8574-4b6a-9b46-241a26d3b345",
              "parentUUID": "b4b62976-c623-4d76-9976-d7e5bda80a09",
              "isHook": false,
              "skipped": false
            },
            {
              "title": "Verifica se o botão está posicionado entre a paleta de cores e o quadro de pixels",
              "fullTitle": "9 - Crie um botão que, ao ser clicado, limpa o quadro preenchendo a cor de todos seus pixels com branco. Verifica se o botão está posicionado entre a paleta de cores e o quadro de pixels",
              "timedOut": null,
              "duration": 59,
              "state": "passed",
              "speed": "medium",
              "pass": true,
              "fail": false,
              "pending": false,
              "context": null,
              "code": "cy.get('#color-palette').then(function (palette) {\n  cy.get('#clear-board').should('be.belowOf', palette);\n});\ncy.get('#clear-board').then(function (clearBtn) {\n  cy.get('#pixel-board').should('be.belowOf', clearBtn);\n});",
              "err": {},
              "uuid": "80f1a891-f27a-48a2-ba35-f1064b5afc29",
              "parentUUID": "b4b62976-c623-4d76-9976-d7e5bda80a09",
              "isHook": false,
              "skipped": false
            },
            {
              "title": "Verifica se o texto do botão é 'Limpar'",
              "fullTitle": "9 - Crie um botão que, ao ser clicado, limpa o quadro preenchendo a cor de todos seus pixels com branco. Verifica se o texto do botão é 'Limpar'",
              "timedOut": null,
              "duration": 47,
              "state": "passed",
              "speed": "medium",
              "pass": true,
              "fail": false,
              "pending": false,
              "context": null,
              "code": "cy.get('#clear-board').should('contain.text', 'Limpar');",
              "err": {},
              "uuid": "89ad457a-9ffe-497a-b936-36ae7f4cc107",
              "parentUUID": "b4b62976-c623-4d76-9976-d7e5bda80a09",
              "isHook": false,
              "skipped": false
            },
            {
              "title": "Verifica se ao clicar no botão, o quadro de pixels é totalmente preenchido de branco",
              "fullTitle": "9 - Crie um botão que, ao ser clicado, limpa o quadro preenchendo a cor de todos seus pixels com branco. Verifica se ao clicar no botão, o quadro de pixels é totalmente preenchido de branco",
              "timedOut": null,
              "duration": 2121,
              "state": "passed",
              "speed": "slow",
              "pass": true,
              "fail": false,
              "pending": false,
              "context": null,
              "code": "cy.get('.color').eq(1).then(function (color) {\n  var backgroundColor = color.css('background-color');\n  cy.wrap(color).click();\n  cy.get('.pixel').each(function (pixel) {\n    cy.wrap(pixel).click().should('have.css', 'background-color', backgroundColor);\n  });\n});\ncy.get('#clear-board').click();\ncy.get('.pixel').each(function (pixel) {\n  cy.wrap(pixel).should('have.css', 'background-color', WHITE);\n});",
              "err": {},
              "uuid": "2d4800dc-3b99-426b-9d0e-25879d804fa4",
              "parentUUID": "b4b62976-c623-4d76-9976-d7e5bda80a09",
              "isHook": false,
              "skipped": false
            }
          ],
          "suites": [],
          "passes": [
            "8fe6d6a4-8574-4b6a-9b46-241a26d3b345",
            "80f1a891-f27a-48a2-ba35-f1064b5afc29",
            "89ad457a-9ffe-497a-b936-36ae7f4cc107",
            "2d4800dc-3b99-426b-9d0e-25879d804fa4"
          ],
          "failures": [],
          "pending": [],
          "skipped": [],
          "duration": 2291,
          "root": false,
          "rootEmpty": false,
          "_timeout": 2000
        },
        {
          "uuid": "d452f210-6995-442e-8f7c-73ef4f086254",
          "title": "10 - Faça o quadro de pixels ter seu tamanho definido pelo usuário.",
          "fullFile": "",
          "file": "",
          "beforeHooks": [],
          "afterHooks": [],
          "tests": [
            {
              "title": "Verifica se existe um input com o id `board-size`",
              "fullTitle": "10 - Faça o quadro de pixels ter seu tamanho definido pelo usuário. Verifica se existe um input com o id `board-size`",
              "timedOut": null,
              "duration": 4221,
              "state": "failed",
              "speed": null,
              "pass": false,
              "fail": true,
              "pending": false,
              "context": null,
              "code": "cy.get('#board-size').should('be.visible');",
              "err": {
                "message": "CypressError: Timed out retrying: Expected to find element: '#board-size', but never found it.",
                "estack": "CypressError: Timed out retrying: Expected to find element: '#board-size', but never found it.\n    at cypressErr (http://localhost:33107/__cypress/runner/cypress_runner.js:149934:9)\n    at throwErr (http://localhost:33107/__cypress/runner/cypress_runner.js:149867:11)\n    at Object.throwErrByPath (http://localhost:33107/__cypress/runner/cypress_runner.js:149915:3)\n    at retry (http://localhost:33107/__cypress/runner/cypress_runner.js:144197:19)\n    at onFailFn (http://localhost:33107/__cypress/runner/cypress_runner.js:132448:16)\n    at tryCatcher (http://localhost:33107/__cypress/runner/cypress_runner.js:167415:23)\n    at Promise._settlePromiseFromHandler (http://localhost:33107/__cypress/runner/cypress_runner.js:165351:31)\n    at Promise._settlePromise (http://localhost:33107/__cypress/runner/cypress_runner.js:165408:18)\n    at Promise._settlePromise0 (http://localhost:33107/__cypress/runner/cypress_runner.js:165453:10)\n    at Promise._settlePromises (http://localhost:33107/__cypress/runner/cypress_runner.js:165528:18)\n    at Async../node_modules/bluebird/js/release/async.js.Async._drainQueue (http://localhost:33107/__cypress/runner/cypress_runner.js:162140:16)\n    at Async../node_modules/bluebird/js/release/async.js.Async._drainQueues (http://localhost:33107/__cypress/runner/cypress_runner.js:162150:10)\n    at Async.drainQueues (http://localhost:33107/__cypress/runner/cypress_runner.js:162024:14)",
                "diff": null
              },
              "uuid": "65f0a9a6-6497-4799-a138-78c37ae043a3",
              "parentUUID": "d452f210-6995-442e-8f7c-73ef4f086254",
              "isHook": false,
              "skipped": false
            },
            {
              "title": "Verifica se existe um botão com o id `generate-board`",
              "fullTitle": "10 - Faça o quadro de pixels ter seu tamanho definido pelo usuário. Verifica se existe um botão com o id `generate-board`",
              "timedOut": null,
              "duration": 4202,
              "state": "failed",
              "speed": null,
              "pass": false,
              "fail": true,
              "pending": false,
              "context": null,
              "code": "cy.get('#generate-board').should('be.visible');",
              "err": {
                "message": "CypressError: Timed out retrying: Expected to find element: '#generate-board', but never found it.",
                "estack": "CypressError: Timed out retrying: Expected to find element: '#generate-board', but never found it.\n    at cypressErr (http://localhost:33107/__cypress/runner/cypress_runner.js:149934:9)\n    at throwErr (http://localhost:33107/__cypress/runner/cypress_runner.js:149867:11)\n    at Object.throwErrByPath (http://localhost:33107/__cypress/runner/cypress_runner.js:149915:3)\n    at retry (http://localhost:33107/__cypress/runner/cypress_runner.js:144197:19)\n    at onFailFn (http://localhost:33107/__cypress/runner/cypress_runner.js:132448:16)\n    at tryCatcher (http://localhost:33107/__cypress/runner/cypress_runner.js:167415:23)\n    at Promise._settlePromiseFromHandler (http://localhost:33107/__cypress/runner/cypress_runner.js:165351:31)\n    at Promise._settlePromise (http://localhost:33107/__cypress/runner/cypress_runner.js:165408:18)\n    at Promise._settlePromise0 (http://localhost:33107/__cypress/runner/cypress_runner.js:165453:10)\n    at Promise._settlePromises (http://localhost:33107/__cypress/runner/cypress_runner.js:165528:18)\n    at Async../node_modules/bluebird/js/release/async.js.Async._drainQueue (http://localhost:33107/__cypress/runner/cypress_runner.js:162140:16)\n    at Async../node_modules/bluebird/js/release/async.js.Async._drainQueues (http://localhost:33107/__cypress/runner/cypress_runner.js:162150:10)\n    at Async.drainQueues (http://localhost:33107/__cypress/runner/cypress_runner.js:162024:14)",
                "diff": null
              },
              "uuid": "4406cc21-1108-4eb8-83c4-ec08b5c0e5bb",
              "parentUUID": "d452f210-6995-442e-8f7c-73ef4f086254",
              "isHook": false,
              "skipped": false
            },
            {
              "title": "Verifica se o input só aceita número maiores que zero. Essa restrição deve ser feita usando os atributos do elemento `input`",
              "fullTitle": "10 - Faça o quadro de pixels ter seu tamanho definido pelo usuário. Verifica se o input só aceita número maiores que zero. Essa restrição deve ser feita usando os atributos do elemento `input`",
              "timedOut": null,
              "duration": 4207,
              "state": "failed",
              "speed": null,
              "pass": false,
              "fail": true,
              "pending": false,
              "context": null,
              "code": "cy.get('#board-size[type=\\'number\\'][min=\\'1\\']');",
              "err": {
                "message": "CypressError: Timed out retrying: Expected to find element: '#board-size[type='number'][min='1']', but never found it.",
                "estack": "CypressError: Timed out retrying: Expected to find element: '#board-size[type='number'][min='1']', but never found it.\n    at cypressErr (http://localhost:33107/__cypress/runner/cypress_runner.js:149934:9)\n    at throwErr (http://localhost:33107/__cypress/runner/cypress_runner.js:149867:11)\n    at Object.throwErrByPath (http://localhost:33107/__cypress/runner/cypress_runner.js:149915:3)\n    at retry (http://localhost:33107/__cypress/runner/cypress_runner.js:144197:19)\n    at onFailFn (http://localhost:33107/__cypress/runner/cypress_runner.js:132448:16)\n    at tryCatcher (http://localhost:33107/__cypress/runner/cypress_runner.js:167415:23)\n    at Promise._settlePromiseFromHandler (http://localhost:33107/__cypress/runner/cypress_runner.js:165351:31)\n    at Promise._settlePromise (http://localhost:33107/__cypress/runner/cypress_runner.js:165408:18)\n    at Promise._settlePromise0 (http://localhost:33107/__cypress/runner/cypress_runner.js:165453:10)\n    at Promise._settlePromises (http://localhost:33107/__cypress/runner/cypress_runner.js:165528:18)\n    at Async../node_modules/bluebird/js/release/async.js.Async._drainQueue (http://localhost:33107/__cypress/runner/cypress_runner.js:162140:16)\n    at Async../node_modules/bluebird/js/release/async.js.Async._drainQueues (http://localhost:33107/__cypress/runner/cypress_runner.js:162150:10)\n    at Async.drainQueues (http://localhost:33107/__cypress/runner/cypress_runner.js:162024:14)",
                "diff": null
              },
              "uuid": "33aa3eb9-3321-4cc2-ae58-3d3e9ed27371",
              "parentUUID": "d452f210-6995-442e-8f7c-73ef4f086254",
              "isHook": false,
              "skipped": false
            },
            {
              "title": "Verifica se o botão contém o texto 'VQV'",
              "fullTitle": "10 - Faça o quadro de pixels ter seu tamanho definido pelo usuário. Verifica se o botão contém o texto 'VQV'",
              "timedOut": null,
              "duration": 4192,
              "state": "failed",
              "speed": null,
              "pass": false,
              "fail": true,
              "pending": false,
              "context": null,
              "code": "cy.get('#generate-board').contains(/vqv/i);",
              "err": {
                "message": "CypressError: Timed out retrying: Expected to find element: '#generate-board', but never found it.",
                "estack": "CypressError: Timed out retrying: Expected to find element: '#generate-board', but never found it.\n    at cypressErr (http://localhost:33107/__cypress/runner/cypress_runner.js:149934:9)\n    at throwErr (http://localhost:33107/__cypress/runner/cypress_runner.js:149867:11)\n    at Object.throwErrByPath (http://localhost:33107/__cypress/runner/cypress_runner.js:149915:3)\n    at retry (http://localhost:33107/__cypress/runner/cypress_runner.js:144197:19)\n    at onFailFn (http://localhost:33107/__cypress/runner/cypress_runner.js:132448:16)\n    at tryCatcher (http://localhost:33107/__cypress/runner/cypress_runner.js:167415:23)\n    at Promise._settlePromiseFromHandler (http://localhost:33107/__cypress/runner/cypress_runner.js:165351:31)\n    at Promise._settlePromise (http://localhost:33107/__cypress/runner/cypress_runner.js:165408:18)\n    at Promise._settlePromise0 (http://localhost:33107/__cypress/runner/cypress_runner.js:165453:10)\n    at Promise._settlePromises (http://localhost:33107/__cypress/runner/cypress_runner.js:165528:18)\n    at Async../node_modules/bluebird/js/release/async.js.Async._drainQueue (http://localhost:33107/__cypress/runner/cypress_runner.js:162140:16)\n    at Async../node_modules/bluebird/js/release/async.js.Async._drainQueues (http://localhost:33107/__cypress/runner/cypress_runner.js:162150:10)\n    at Async.drainQueues (http://localhost:33107/__cypress/runner/cypress_runner.js:162024:14)",
                "diff": null
              },
              "uuid": "101a0549-5161-4ca3-9a59-e9d4ce350c3d",
              "parentUUID": "d452f210-6995-442e-8f7c-73ef4f086254",
              "isHook": false,
              "skipped": false
            },
            {
              "title": "Verifica se o input está posicionado entre a paleta de cores e o quadro de pixels",
              "fullTitle": "10 - Faça o quadro de pixels ter seu tamanho definido pelo usuário. Verifica se o input está posicionado entre a paleta de cores e o quadro de pixels",
              "timedOut": null,
              "duration": 4184,
              "state": "failed",
              "speed": null,
              "pass": false,
              "fail": true,
              "pending": false,
              "context": null,
              "code": "cy.get('#color-palette').then(function (palette) {\n  cy.get('#board-size').should('be.belowOf', palette);\n});\ncy.get('#board-size').then(function (palette) {\n  cy.get('#pixel-board').should('be.belowOf', palette);\n});",
              "err": {
                "message": "CypressError: Timed out retrying: Expected to find element: '#board-size', but never found it.",
                "estack": "CypressError: Timed out retrying: Expected to find element: '#board-size', but never found it.\n    at cypressErr (http://localhost:33107/__cypress/runner/cypress_runner.js:149934:9)\n    at throwErr (http://localhost:33107/__cypress/runner/cypress_runner.js:149867:11)\n    at Object.throwErrByPath (http://localhost:33107/__cypress/runner/cypress_runner.js:149915:3)\n    at retry (http://localhost:33107/__cypress/runner/cypress_runner.js:144197:19)\n    at onFailFn (http://localhost:33107/__cypress/runner/cypress_runner.js:132448:16)\n    at tryCatcher (http://localhost:33107/__cypress/runner/cypress_runner.js:167415:23)\n    at Promise._settlePromiseFromHandler (http://localhost:33107/__cypress/runner/cypress_runner.js:165351:31)\n    at Promise._settlePromise (http://localhost:33107/__cypress/runner/cypress_runner.js:165408:18)\n    at Promise._settlePromise0 (http://localhost:33107/__cypress/runner/cypress_runner.js:165453:10)\n    at Promise._settlePromises (http://localhost:33107/__cypress/runner/cypress_runner.js:165528:18)\n    at Async../node_modules/bluebird/js/release/async.js.Async._drainQueue (http://localhost:33107/__cypress/runner/cypress_runner.js:162140:16)\n    at Async../node_modules/bluebird/js/release/async.js.Async._drainQueues (http://localhost:33107/__cypress/runner/cypress_runner.js:162150:10)\n    at Async.drainQueues (http://localhost:33107/__cypress/runner/cypress_runner.js:162024:14)",
                "diff": null
              },
              "uuid": "ebdded45-dd6e-4595-87e5-a634d915dc7c",
              "parentUUID": "d452f210-6995-442e-8f7c-73ef4f086254",
              "isHook": false,
              "skipped": false
            },
            {
              "title": "Verifica se o botão está posicionado ao lado do input",
              "fullTitle": "10 - Faça o quadro de pixels ter seu tamanho definido pelo usuário. Verifica se o botão está posicionado ao lado do input",
              "timedOut": null,
              "duration": 4192,
              "state": "failed",
              "speed": null,
              "pass": false,
              "fail": true,
              "pending": false,
              "context": null,
              "code": "cy.get('#board-size').then(function (board) {\n  cy.get('#generate-board').should('be.onTheRightOf', board);\n});",
              "err": {
                "message": "CypressError: Timed out retrying: Expected to find element: '#board-size', but never found it.",
                "estack": "CypressError: Timed out retrying: Expected to find element: '#board-size', but never found it.\n    at cypressErr (http://localhost:33107/__cypress/runner/cypress_runner.js:149934:9)\n    at throwErr (http://localhost:33107/__cypress/runner/cypress_runner.js:149867:11)\n    at Object.throwErrByPath (http://localhost:33107/__cypress/runner/cypress_runner.js:149915:3)\n    at retry (http://localhost:33107/__cypress/runner/cypress_runner.js:144197:19)\n    at onFailFn (http://localhost:33107/__cypress/runner/cypress_runner.js:132448:16)\n    at tryCatcher (http://localhost:33107/__cypress/runner/cypress_runner.js:167415:23)\n    at Promise._settlePromiseFromHandler (http://localhost:33107/__cypress/runner/cypress_runner.js:165351:31)\n    at Promise._settlePromise (http://localhost:33107/__cypress/runner/cypress_runner.js:165408:18)\n    at Promise._settlePromise0 (http://localhost:33107/__cypress/runner/cypress_runner.js:165453:10)\n    at Promise._settlePromises (http://localhost:33107/__cypress/runner/cypress_runner.js:165528:18)\n    at Async../node_modules/bluebird/js/release/async.js.Async._drainQueue (http://localhost:33107/__cypress/runner/cypress_runner.js:162140:16)\n    at Async../node_modules/bluebird/js/release/async.js.Async._drainQueues (http://localhost:33107/__cypress/runner/cypress_runner.js:162150:10)\n    at Async.drainQueues (http://localhost:33107/__cypress/runner/cypress_runner.js:162024:14)",
                "diff": null
              },
              "uuid": "b75c63e9-6b17-4923-8afe-4476d5cf4a63",
              "parentUUID": "d452f210-6995-442e-8f7c-73ef4f086254",
              "isHook": false,
              "skipped": false
            },
            {
              "title": "Verifica se nenhum valor for colocado no input ao clicar no botão, um `alert` é exibido com o texto: 'Board inválido!'",
              "fullTitle": "10 - Faça o quadro de pixels ter seu tamanho definido pelo usuário. Verifica se nenhum valor for colocado no input ao clicar no botão, um `alert` é exibido com o texto: 'Board inválido!'",
              "timedOut": null,
              "duration": 4197,
              "state": "failed",
              "speed": null,
              "pass": false,
              "fail": true,
              "pending": false,
              "context": null,
              "code": "var alerted = false;\ncy.on('window:alert', function (msg) {\n  return alerted = msg;\n});\ncy.get('#generate-board').click().then(function () {\n  return expect(alerted).to.match(/Board inválido!/i);\n});",
              "err": {
                "message": "CypressError: Timed out retrying: Expected to find element: '#generate-board', but never found it.",
                "estack": "CypressError: Timed out retrying: Expected to find element: '#generate-board', but never found it.\n    at cypressErr (http://localhost:33107/__cypress/runner/cypress_runner.js:149934:9)\n    at throwErr (http://localhost:33107/__cypress/runner/cypress_runner.js:149867:11)\n    at Object.throwErrByPath (http://localhost:33107/__cypress/runner/cypress_runner.js:149915:3)\n    at retry (http://localhost:33107/__cypress/runner/cypress_runner.js:144197:19)\n    at onFailFn (http://localhost:33107/__cypress/runner/cypress_runner.js:132448:16)\n    at tryCatcher (http://localhost:33107/__cypress/runner/cypress_runner.js:167415:23)\n    at Promise._settlePromiseFromHandler (http://localhost:33107/__cypress/runner/cypress_runner.js:165351:31)\n    at Promise._settlePromise (http://localhost:33107/__cypress/runner/cypress_runner.js:165408:18)\n    at Promise._settlePromise0 (http://localhost:33107/__cypress/runner/cypress_runner.js:165453:10)\n    at Promise._settlePromises (http://localhost:33107/__cypress/runner/cypress_runner.js:165528:18)\n    at Async../node_modules/bluebird/js/release/async.js.Async._drainQueue (http://localhost:33107/__cypress/runner/cypress_runner.js:162140:16)\n    at Async../node_modules/bluebird/js/release/async.js.Async._drainQueues (http://localhost:33107/__cypress/runner/cypress_runner.js:162150:10)\n    at Async.drainQueues (http://localhost:33107/__cypress/runner/cypress_runner.js:162024:14)",
                "diff": null
              },
              "uuid": "f9cc9d83-cc5c-4774-b8e3-a7ae8f3e8267",
              "parentUUID": "d452f210-6995-442e-8f7c-73ef4f086254",
              "isHook": false,
              "skipped": false
            },
            {
              "title": "Verifica se ao clicar no botão com um valor preenchido, o tamanho do board muda.",
              "fullTitle": "10 - Faça o quadro de pixels ter seu tamanho definido pelo usuário. Verifica se ao clicar no botão com um valor preenchido, o tamanho do board muda.",
              "timedOut": null,
              "duration": 4184,
              "state": "failed",
              "speed": null,
              "pass": false,
              "fail": true,
              "pending": false,
              "context": null,
              "code": "cy.get('#board-size').clear().type(10);\ncy.get('#generate-board').click();\ncy.get('.pixel').should('have.length', 100);",
              "err": {
                "message": "CypressError: Timed out retrying: Expected to find element: '#board-size', but never found it.",
                "estack": "CypressError: Timed out retrying: Expected to find element: '#board-size', but never found it.\n    at cypressErr (http://localhost:33107/__cypress/runner/cypress_runner.js:149934:9)\n    at throwErr (http://localhost:33107/__cypress/runner/cypress_runner.js:149867:11)\n    at Object.throwErrByPath (http://localhost:33107/__cypress/runner/cypress_runner.js:149915:3)\n    at retry (http://localhost:33107/__cypress/runner/cypress_runner.js:144197:19)\n    at onFailFn (http://localhost:33107/__cypress/runner/cypress_runner.js:132448:16)\n    at tryCatcher (http://localhost:33107/__cypress/runner/cypress_runner.js:167415:23)\n    at Promise._settlePromiseFromHandler (http://localhost:33107/__cypress/runner/cypress_runner.js:165351:31)\n    at Promise._settlePromise (http://localhost:33107/__cypress/runner/cypress_runner.js:165408:18)\n    at Promise._settlePromise0 (http://localhost:33107/__cypress/runner/cypress_runner.js:165453:10)\n    at Promise._settlePromises (http://localhost:33107/__cypress/runner/cypress_runner.js:165528:18)\n    at Async../node_modules/bluebird/js/release/async.js.Async._drainQueue (http://localhost:33107/__cypress/runner/cypress_runner.js:162140:16)\n    at Async../node_modules/bluebird/js/release/async.js.Async._drainQueues (http://localhost:33107/__cypress/runner/cypress_runner.js:162150:10)\n    at Async.drainQueues (http://localhost:33107/__cypress/runner/cypress_runner.js:162024:14)",
                "diff": null
              },
              "uuid": "e7715e5a-57b2-4e54-b385-18550f6ba49f",
              "parentUUID": "d452f210-6995-442e-8f7c-73ef4f086254",
              "isHook": false,
              "skipped": false
            },
            {
              "title": "Verifica se o novo quadro tem todos os pixels preenchidos com a cor branca",
              "fullTitle": "10 - Faça o quadro de pixels ter seu tamanho definido pelo usuário. Verifica se o novo quadro tem todos os pixels preenchidos com a cor branca",
              "timedOut": null,
              "duration": 4216,
              "state": "failed",
              "speed": null,
              "pass": false,
              "fail": true,
              "pending": false,
              "context": null,
              "code": "cy.get('#board-size').clear().type(6);\ncy.get('#generate-board').click();\ncy.get('.pixel').should('have.length', 36).each(function (pixel) {\n  expect(pixel).to.have.css('background-color', WHITE);\n});",
              "err": {
                "message": "CypressError: Timed out retrying: Expected to find element: '#board-size', but never found it.",
                "estack": "CypressError: Timed out retrying: Expected to find element: '#board-size', but never found it.\n    at cypressErr (http://localhost:33107/__cypress/runner/cypress_runner.js:149934:9)\n    at throwErr (http://localhost:33107/__cypress/runner/cypress_runner.js:149867:11)\n    at Object.throwErrByPath (http://localhost:33107/__cypress/runner/cypress_runner.js:149915:3)\n    at retry (http://localhost:33107/__cypress/runner/cypress_runner.js:144197:19)\n    at onFailFn (http://localhost:33107/__cypress/runner/cypress_runner.js:132448:16)\n    at tryCatcher (http://localhost:33107/__cypress/runner/cypress_runner.js:167415:23)\n    at Promise._settlePromiseFromHandler (http://localhost:33107/__cypress/runner/cypress_runner.js:165351:31)\n    at Promise._settlePromise (http://localhost:33107/__cypress/runner/cypress_runner.js:165408:18)\n    at Promise._settlePromise0 (http://localhost:33107/__cypress/runner/cypress_runner.js:165453:10)\n    at Promise._settlePromises (http://localhost:33107/__cypress/runner/cypress_runner.js:165528:18)\n    at Async../node_modules/bluebird/js/release/async.js.Async._drainQueue (http://localhost:33107/__cypress/runner/cypress_runner.js:162140:16)\n    at Async../node_modules/bluebird/js/release/async.js.Async._drainQueues (http://localhost:33107/__cypress/runner/cypress_runner.js:162150:10)\n    at Async.drainQueues (http://localhost:33107/__cypress/runner/cypress_runner.js:162024:14)",
                "diff": null
              },
              "uuid": "44d17068-4bb8-4415-9475-13c919e135a0",
              "parentUUID": "d452f210-6995-442e-8f7c-73ef4f086254",
              "isHook": false,
              "skipped": false
            }
          ],
          "suites": [],
          "passes": [],
          "failures": [
            "65f0a9a6-6497-4799-a138-78c37ae043a3",
            "4406cc21-1108-4eb8-83c4-ec08b5c0e5bb",
            "33aa3eb9-3321-4cc2-ae58-3d3e9ed27371",
            "101a0549-5161-4ca3-9a59-e9d4ce350c3d",
            "ebdded45-dd6e-4595-87e5-a634d915dc7c",
            "b75c63e9-6b17-4923-8afe-4476d5cf4a63",
            "f9cc9d83-cc5c-4774-b8e3-a7ae8f3e8267",
            "e7715e5a-57b2-4e54-b385-18550f6ba49f",
            "44d17068-4bb8-4415-9475-13c919e135a0"
          ],
          "pending": [],
          "skipped": [],
          "duration": 37795,
          "root": false,
          "rootEmpty": false,
          "_timeout": 2000
        },
        {
          "uuid": "80f9036c-a990-43c9-8e35-803764102d59",
          "title": "11 - Limite o tamanho mínimo e máximo do board.",
          "fullFile": "",
          "file": "",
          "beforeHooks": [],
          "afterHooks": [],
          "tests": [
            {
              "title": "Verifica se a altura máxima do board é 50",
              "fullTitle": "11 - Limite o tamanho mínimo e máximo do board. Verifica se a altura máxima do board é 50",
              "timedOut": null,
              "duration": 4196,
              "state": "failed",
              "speed": null,
              "pass": false,
              "fail": true,
              "pending": false,
              "context": null,
              "code": "cy.get('#board-size').clear().type(50);\ncy.get('#generate-board').click();\ncy.get('.pixel').should('have.length', 2500);",
              "err": {
                "message": "CypressError: Timed out retrying: Expected to find element: '#board-size', but never found it.",
                "estack": "CypressError: Timed out retrying: Expected to find element: '#board-size', but never found it.\n    at cypressErr (http://localhost:33107/__cypress/runner/cypress_runner.js:149934:9)\n    at throwErr (http://localhost:33107/__cypress/runner/cypress_runner.js:149867:11)\n    at Object.throwErrByPath (http://localhost:33107/__cypress/runner/cypress_runner.js:149915:3)\n    at retry (http://localhost:33107/__cypress/runner/cypress_runner.js:144197:19)\n    at onFailFn (http://localhost:33107/__cypress/runner/cypress_runner.js:132448:16)\n    at tryCatcher (http://localhost:33107/__cypress/runner/cypress_runner.js:167415:23)\n    at Promise._settlePromiseFromHandler (http://localhost:33107/__cypress/runner/cypress_runner.js:165351:31)\n    at Promise._settlePromise (http://localhost:33107/__cypress/runner/cypress_runner.js:165408:18)\n    at Promise._settlePromise0 (http://localhost:33107/__cypress/runner/cypress_runner.js:165453:10)\n    at Promise._settlePromises (http://localhost:33107/__cypress/runner/cypress_runner.js:165528:18)\n    at Async../node_modules/bluebird/js/release/async.js.Async._drainQueue (http://localhost:33107/__cypress/runner/cypress_runner.js:162140:16)\n    at Async../node_modules/bluebird/js/release/async.js.Async._drainQueues (http://localhost:33107/__cypress/runner/cypress_runner.js:162150:10)\n    at Async.drainQueues (http://localhost:33107/__cypress/runner/cypress_runner.js:162024:14)",
                "diff": null
              },
              "uuid": "0bc23c62-3b70-45a8-9ac0-aa8e07e53ad4",
              "parentUUID": "80f9036c-a990-43c9-8e35-803764102d59",
              "isHook": false,
              "skipped": false
            },
            {
              "title": "Verifica se a altura do board é 5 quando um valor menor é colocado no input",
              "fullTitle": "11 - Limite o tamanho mínimo e máximo do board. Verifica se a altura do board é 5 quando um valor menor é colocado no input",
              "timedOut": null,
              "duration": 4195,
              "state": "failed",
              "speed": null,
              "pass": false,
              "fail": true,
              "pending": false,
              "context": null,
              "code": "cy.get('#board-size').clear().type(4);\ncy.get('#generate-board').click();\ncy.get('.pixel').should('have.length', 25);",
              "err": {
                "message": "CypressError: Timed out retrying: Expected to find element: '#board-size', but never found it.",
                "estack": "CypressError: Timed out retrying: Expected to find element: '#board-size', but never found it.\n    at cypressErr (http://localhost:33107/__cypress/runner/cypress_runner.js:149934:9)\n    at throwErr (http://localhost:33107/__cypress/runner/cypress_runner.js:149867:11)\n    at Object.throwErrByPath (http://localhost:33107/__cypress/runner/cypress_runner.js:149915:3)\n    at retry (http://localhost:33107/__cypress/runner/cypress_runner.js:144197:19)\n    at onFailFn (http://localhost:33107/__cypress/runner/cypress_runner.js:132448:16)\n    at tryCatcher (http://localhost:33107/__cypress/runner/cypress_runner.js:167415:23)\n    at Promise._settlePromiseFromHandler (http://localhost:33107/__cypress/runner/cypress_runner.js:165351:31)\n    at Promise._settlePromise (http://localhost:33107/__cypress/runner/cypress_runner.js:165408:18)\n    at Promise._settlePromise0 (http://localhost:33107/__cypress/runner/cypress_runner.js:165453:10)\n    at Promise._settlePromises (http://localhost:33107/__cypress/runner/cypress_runner.js:165528:18)\n    at Async../node_modules/bluebird/js/release/async.js.Async._drainQueue (http://localhost:33107/__cypress/runner/cypress_runner.js:162140:16)\n    at Async../node_modules/bluebird/js/release/async.js.Async._drainQueues (http://localhost:33107/__cypress/runner/cypress_runner.js:162150:10)\n    at Async.drainQueues (http://localhost:33107/__cypress/runner/cypress_runner.js:162024:14)",
                "diff": null
              },
              "uuid": "df8d81cc-ddd5-4c78-92d3-05c2fc922255",
              "parentUUID": "80f9036c-a990-43c9-8e35-803764102d59",
              "isHook": false,
              "skipped": false
            },
            {
              "title": "Verifica se a altura do board é 50 quando um valor maior é colocado no input",
              "fullTitle": "11 - Limite o tamanho mínimo e máximo do board. Verifica se a altura do board é 50 quando um valor maior é colocado no input",
              "timedOut": null,
              "duration": 4203,
              "state": "failed",
              "speed": null,
              "pass": false,
              "fail": true,
              "pending": false,
              "context": null,
              "code": "cy.get('#board-size').clear().type(51);\ncy.get('#generate-board').click();\ncy.get('.pixel').should('have.length', 2500);",
              "err": {
                "message": "CypressError: Timed out retrying: Expected to find element: '#board-size', but never found it.",
                "estack": "CypressError: Timed out retrying: Expected to find element: '#board-size', but never found it.\n    at cypressErr (http://localhost:33107/__cypress/runner/cypress_runner.js:149934:9)\n    at throwErr (http://localhost:33107/__cypress/runner/cypress_runner.js:149867:11)\n    at Object.throwErrByPath (http://localhost:33107/__cypress/runner/cypress_runner.js:149915:3)\n    at retry (http://localhost:33107/__cypress/runner/cypress_runner.js:144197:19)\n    at onFailFn (http://localhost:33107/__cypress/runner/cypress_runner.js:132448:16)\n    at tryCatcher (http://localhost:33107/__cypress/runner/cypress_runner.js:167415:23)\n    at Promise._settlePromiseFromHandler (http://localhost:33107/__cypress/runner/cypress_runner.js:165351:31)\n    at Promise._settlePromise (http://localhost:33107/__cypress/runner/cypress_runner.js:165408:18)\n    at Promise._settlePromise0 (http://localhost:33107/__cypress/runner/cypress_runner.js:165453:10)\n    at Promise._settlePromises (http://localhost:33107/__cypress/runner/cypress_runner.js:165528:18)\n    at Async../node_modules/bluebird/js/release/async.js.Async._drainQueue (http://localhost:33107/__cypress/runner/cypress_runner.js:162140:16)\n    at Async../node_modules/bluebird/js/release/async.js.Async._drainQueues (http://localhost:33107/__cypress/runner/cypress_runner.js:162150:10)\n    at Async.drainQueues (http://localhost:33107/__cypress/runner/cypress_runner.js:162024:14)",
                "diff": null
              },
              "uuid": "c91709e1-544c-4faa-b3a2-adb1f364b35d",
              "parentUUID": "80f9036c-a990-43c9-8e35-803764102d59",
              "isHook": false,
              "skipped": false
            }
          ],
          "suites": [],
          "passes": [],
          "failures": [
            "0bc23c62-3b70-45a8-9ac0-aa8e07e53ad4",
            "df8d81cc-ddd5-4c78-92d3-05c2fc922255",
            "c91709e1-544c-4faa-b3a2-adb1f364b35d"
          ],
          "pending": [],
          "skipped": [],
          "duration": 12594,
          "root": false,
          "rootEmpty": false,
          "_timeout": 2000
        },
        {
          "uuid": "d541470e-5f53-4f4e-9b5e-094b291979a4",
          "title": "12 - Faça com que as cores da paleta sejam geradas aleatoriamente ao carregar a página.",
          "fullFile": "",
          "file": "",
          "beforeHooks": [],
          "afterHooks": [],
          "tests": [
            {
              "title": "Verifica se as cores geradas na paleta são diferentes a cada carregamento da página",
              "fullTitle": "12 - Faça com que as cores da paleta sejam geradas aleatoriamente ao carregar a página. Verifica se as cores geradas na paleta são diferentes a cada carregamento da página",
              "timedOut": null,
              "duration": 310,
              "state": "failed",
              "speed": null,
              "pass": false,
              "fail": true,
              "pending": false,
              "context": null,
              "code": "cy.get('.color').then(function (colors) {\n  var currentColors;\n  var previousColors;\n  previousColors = Array.from(colors).map(function (color) {\n    return Cypress.$(color).css('background-color');\n  });\n  for (var i = 0; i < 5; i += 1) {\n    cy.reload();\n    cy.get('.color').then(function (colors) {\n      currentColors = Array.from(colors).map(function (color) {\n        return Cypress.$(color).css('background-color');\n      });\n      expect(currentColors).not.to.deep.equal(previousColors);\n      previousColors = currentColors;\n    });\n  }\n});",
              "err": {
                "message": "AssertionError: expected [ Array(4) ] to not deeply equal [ Array(4) ]",
                "estack": "AssertionError: expected [ Array(4) ] to not deeply equal [ Array(4) ]\n    at getRet (http://localhost:33107/__cypress/runner/cypress_runner.js:136585:16)\n    at tryCatcher (http://localhost:33107/__cypress/runner/cypress_runner.js:167415:23)\n    at Function.Promise.attempt.Promise.try (http://localhost:33107/__cypress/runner/cypress_runner.js:164690:29)\n    at Context.thenFn (http://localhost:33107/__cypress/runner/cypress_runner.js:136599:23)\n    at Context.then (http://localhost:33107/__cypress/runner/cypress_runner.js:136971:21)\n    at Context.<anonymous> (http://localhost:33107/__cypress/runner/cypress_runner.js:148875:21)\n    at http://localhost:33107/__cypress/runner/cypress_runner.js:148351:33\n    at tryCatcher (http://localhost:33107/__cypress/runner/cypress_runner.js:167415:23)\n    at Promise._settlePromiseFromHandler (http://localhost:33107/__cypress/runner/cypress_runner.js:165351:31)\n    at Promise._settlePromise (http://localhost:33107/__cypress/runner/cypress_runner.js:165408:18)\n    at Promise._settlePromiseCtx (http://localhost:33107/__cypress/runner/cypress_runner.js:165445:10)\n    at Async../node_modules/bluebird/js/release/async.js.Async._drainQueue (http://localhost:33107/__cypress/runner/cypress_runner.js:162145:12)\n    at Async../node_modules/bluebird/js/release/async.js.Async._drainQueues (http://localhost:33107/__cypress/runner/cypress_runner.js:162150:10)\n    at Async.drainQueues (http://localhost:33107/__cypress/runner/cypress_runner.js:162024:14)",
                "diff": ""
              },
              "uuid": "f98e8939-0579-4347-b2f5-4979a9987e7b",
              "parentUUID": "d541470e-5f53-4f4e-9b5e-094b291979a4",
              "isHook": false,
              "skipped": false
            },
            {
              "title": "Verifica se a cor preta ainda está presente e é a primeira na sua paleta de cores",
              "fullTitle": "12 - Faça com que as cores da paleta sejam geradas aleatoriamente ao carregar a página. Verifica se a cor preta ainda está presente e é a primeira na sua paleta de cores",
              "timedOut": null,
              "duration": 263,
              "state": "failed",
              "speed": null,
              "pass": false,
              "fail": true,
              "pending": false,
              "context": null,
              "code": "cy.get('.color').then(function (colors) {\n  var currentColors;\n  var previousColors;\n  previousColors = Array.from(colors).map(function (color) {\n    return Cypress.$(color).css('background-color');\n  });\n  expect(previousColors[0]).to.eq(BLACK);\n  for (var i = 0; i < 5; i += 1) {\n    cy.reload();\n    cy.get('.color').then(function (colors) {\n      currentColors = Array.from(colors).map(function (color) {\n        return Cypress.$(color).css('background-color');\n      });\n      expect(currentColors[0]).to.eq(BLACK);\n      expect(currentColors).not.to.deep.equal(previousColors);\n      previousColors = currentColors;\n    });\n  }\n});",
              "err": {
                "message": "AssertionError: expected [ Array(4) ] to not deeply equal [ Array(4) ]",
                "estack": "AssertionError: expected [ Array(4) ] to not deeply equal [ Array(4) ]\n    at getRet (http://localhost:33107/__cypress/runner/cypress_runner.js:136585:16)\n    at tryCatcher (http://localhost:33107/__cypress/runner/cypress_runner.js:167415:23)\n    at Function.Promise.attempt.Promise.try (http://localhost:33107/__cypress/runner/cypress_runner.js:164690:29)\n    at Context.thenFn (http://localhost:33107/__cypress/runner/cypress_runner.js:136599:23)\n    at Context.then (http://localhost:33107/__cypress/runner/cypress_runner.js:136971:21)\n    at Context.<anonymous> (http://localhost:33107/__cypress/runner/cypress_runner.js:148875:21)\n    at http://localhost:33107/__cypress/runner/cypress_runner.js:148351:33\n    at tryCatcher (http://localhost:33107/__cypress/runner/cypress_runner.js:167415:23)\n    at Promise._settlePromiseFromHandler (http://localhost:33107/__cypress/runner/cypress_runner.js:165351:31)\n    at Promise._settlePromise (http://localhost:33107/__cypress/runner/cypress_runner.js:165408:18)\n    at Promise._settlePromiseCtx (http://localhost:33107/__cypress/runner/cypress_runner.js:165445:10)\n    at Async../node_modules/bluebird/js/release/async.js.Async._drainQueue (http://localhost:33107/__cypress/runner/cypress_runner.js:162145:12)\n    at Async../node_modules/bluebird/js/release/async.js.Async._drainQueues (http://localhost:33107/__cypress/runner/cypress_runner.js:162150:10)\n    at Async.drainQueues (http://localhost:33107/__cypress/runner/cypress_runner.js:162024:14)",
                "diff": ""
              },
              "uuid": "59256ce1-4494-4fcd-8d17-e155c972c8e2",
              "parentUUID": "d541470e-5f53-4f4e-9b5e-094b291979a4",
              "isHook": false,
              "skipped": false
            }
          ],
          "suites": [],
          "passes": [],
          "failures": [
            "f98e8939-0579-4347-b2f5-4979a9987e7b",
            "59256ce1-4494-4fcd-8d17-e155c972c8e2"
          ],
          "pending": [],
          "skipped": [],
          "duration": 573,
          "root": false,
          "rootEmpty": false,
          "_timeout": 2000
        }
      ],
      "passes": [],
      "failures": [],
      "pending": [],
      "skipped": [],
      "duration": 0,
      "root": true,
      "rootEmpty": true,
      "_timeout": 2000
    }
  ],
  "meta": {
    "mocha": {
      "version": "7.0.1"
    },
    "mochawesome": {
      "options": {
        "quiet": false,
        "reportFilename": "mochawesome",
        "saveHtml": false,
        "saveJson": true,
        "consoleReporter": "spec",
        "useInlineDiffs": false
      },
      "version": "4.1.0"
    },
    "marge": {
      "options": {
        "id": "default",
        "reportDir": "cypress/reports",
        "overwrite": true,
        "html": false,
        "json": true
      },
      "version": "4.1.0"
    }
  }
}